<?xml version="1.0" encoding="UTF-8"?><testsuite errors="2" failures="0" name="in.co.gorest.gorestapiInfo.UserCRUDTest" skipped="0" tests="10" time="11.54" timestamp="2022-06-07T14:45:29.888+02:00[Europe/Paris]"><testcase classname="in.co.gorest.gorestapiInfo.UserCRUDTest" name="This will create a new User"/><testcase classname="in.co.gorest.gorestapiInfo.UserCRUDTest" name="This will Fetch user by ID"/><testcase classname="in.co.gorest.gorestapiInfo.UserCRUDTest" name="This will Fetch user by ID"/><testcase classname="in.co.gorest.gorestapiInfo.UserCRUDTest" name="This will Delete user by ID"/><testcase classname="in.co.gorest.gorestapiInfo.UserCRUDTest" name="1. This will Verify if Total record is 20"/><testcase classname="in.co.gorest.gorestapiInfo.UserCRUDTest" name="2.id 3838 has name =Chaturbhuj Nehru DVM"><error message="Index: 0, Size: 0" type="java.lang.IndexOutOfBoundsException">Index: 0, Size: 0</error><system-err>Index: 0, Size: 0&#13;
in.co.gorest.gorestapiInfo.UserCRUDTest.test006(UserCRUDTest.java:84)&#13;
</system-err></testcase><testcase classname="in.co.gorest.gorestapiInfo.UserCRUDTest" name="3. id 3838 has email =dvm_chaturbhuj_nehru@pagac.name"><error message="Index: 0, Size: 0" type="java.lang.IndexOutOfBoundsException">Index: 0, Size: 0</error><system-err>Index: 0, Size: 0&#13;
in.co.gorest.gorestapiInfo.UserCRUDTest.test007(UserCRUDTest.java:92)&#13;
</system-err></testcase><testcase classname="in.co.gorest.gorestapiInfo.UserCRUDTest" name="4.All ID has status =active"/><testcase classname="in.co.gorest.gorestapiInfo.UserCRUDTest" name="5.id 3829 has gender =female"/><testcase classname="in.co.gorest.gorestapiInfo.UserCRUDTest" name="6.id 3819 has gender =male"/></testsuite>